#
# A fatal error has been detected by the Java Runtime Environment:
#
#  EXCEPTION_ACCESS_VIOLATION (0xc0000005) at pc=0x6d96aaeb, pid=7768, tid=1588
#
# JRE version: 6.0_37-b06
# Java VM: Java HotSpot(TM) Client VM (20.12-b01 mixed mode windows-x86 )
# Problematic frame:
# V  [jvm.dll+0xaaaeb]
#
# If you would like to submit a bug report, please visit:
#   http://java.sun.com/webapps/bugreport/crash.jsp
#

---------------  T H R E A D  ---------------

Current thread (0x0055e800):  JavaThread "JDWP Transport Listener: dt_socket" daemon [_thread_in_vm, id=1588, stack(0x18af0000,0x18b40000)]

siginfo: ExceptionCode=0xc0000005, reading address 0x69462f6f

Registers:
EAX=0x69462f6f, EBX=0x00000000, ECX=0x000071ee, EDX=0x00000000
ESP=0x18b3fa14, EBP=0x18b3fa18, ESI=0x0055e800, EDI=0x0049ddf0
EIP=0x6d96aaeb, EFLAGS=0x00010206

Top of Stack: (sp=0x18b3fa14)
0x18b3fa14:   0055e800 18b3fa40 6da59272 69462f6f
0x18b3fa24:   18b3fac4 18b3fa7b 0055e800 00000000
0x18b3fa34:   00000000 00000000 0055e800 18b3fa7c
0x18b3fa44:   6d439770 0049ddf0 69462f6f 18b3fa7b
0x18b3fa54:   69462f6f 6d4242c9 69462f6f 18b3fa7b
0x18b3fa64:   00000002 00000000 00000000 00000009
0x18b3fa74:   00000000 00b3fa9c 18b3fa9c 6d424434
0x18b3fa84:   00000001 18b3fab8 18b3fc54 6d442b02 

Instructions: (pc=0x6d96aaeb)
0x6d96aacb:   4e 10 89 4f 0c 5f 5e 5d c2 0c 00 cc cc cc cc cc
0x6d96aadb:   cc cc cc cc cc 55 8b ec 8b 45 08 85 c0 56 74 25
0x6d96aaeb:   8b 30 85 f6 74 1f 81 fe fe fe fe fe 74 17 8b 46
0x6d96aafb:   04 8d 48 08 8b 01 ff 90 90 00 00 00 84 c0 74 05 


Register to memory mapping:

EAX=0x69462f6f is an unknown value
EBX=0x00000000 is an unknown value
ECX=0x000071ee is an unknown value
EDX=0x00000000 is an unknown value
ESP=0x18b3fa14 is pointing into the stack for thread: 0x0055e800
EBP=0x18b3fa18 is pointing into the stack for thread: 0x0055e800
ESI=0x0055e800 is a thread
EDI=0x0049ddf0 is an unknown value


Stack: [0x18af0000,0x18b40000],  sp=0x18b3fa14,  free space=318k
Native frames: (J=compiled Java code, j=interpreted, Vv=VM code, C=native code)
V  [jvm.dll+0xaaaeb]
V  [jvm.dll+0x199272]
C  [jdwp.dll+0x19770]  Agent_OnLoad+0xe6e5
C  [jdwp.dll+0x4434]
C  [jdwp.dll+0x4472]
C  [jdwp.dll+0x17d55]  Agent_OnLoad+0xccca
V  [jvm.dll+0x14209c]
C  [msvcr71.dll+0x9565]  endthreadex+0xa0
C  [kernel32.dll+0x133aa]  BaseThreadInitThunk+0x12
C  [ntdll.dll+0x39ef2]  RtlInitializeExceptionChain+0x63
C  [ntdll.dll+0x39ec5]  RtlInitializeExceptionChain+0x36


---------------  P R O C E S S  ---------------

Java Threads: ( => current thread )
  0x0022b400 JavaThread "DestroyJavaVM" [_thread_blocked, id=10008, stack(0x00430000,0x00480000)]
  0x1911ec00 JavaThread "Thread-3" daemon [_thread_in_native, id=10104, stack(0x19710000,0x19760000)]
  0x1916d000 JavaThread "Thread-2" daemon [_thread_in_native, id=3532, stack(0x19680000,0x196d0000)]
  0x19171000 JavaThread "Thread-1" [_thread_in_native, id=6068, stack(0x195f0000,0x19640000)]
  0x00579400 JavaThread "Low Memory Detector" daemon [_thread_blocked, id=3276, stack(0x18d70000,0x18dc0000)]
  0x00572000 JavaThread "C1 CompilerThread0" daemon [_thread_blocked, id=6196, stack(0x18ce0000,0x18d30000)]
  0x00561c00 JavaThread "JDWP Command Reader" daemon [_thread_in_native, id=2600, stack(0x18c90000,0x18ce0000)]
  0x00560c00 JavaThread "JDWP Event Helper Thread" daemon [_thread_blocked, id=5040, stack(0x18b80000,0x18bd0000)]
=>0x0055e800 JavaThread "JDWP Transport Listener: dt_socket" daemon [_thread_in_vm, id=1588, stack(0x18af0000,0x18b40000)]
  0x0054c800 JavaThread "Attach Listener" daemon [_thread_blocked, id=4560, stack(0x188b0000,0x18900000)]
  0x00549800 JavaThread "Signal Dispatcher" daemon [_thread_blocked, id=7924, stack(0x18820000,0x18870000)]
  0x0051f800 JavaThread "Finalizer" daemon [_thread_blocked, id=8276, stack(0x18790000,0x187e0000)]
  0x0051ac00 JavaThread "Reference Handler" daemon [_thread_blocked, id=5428, stack(0x18700000,0x18750000)]

Other Threads:
  0x00516c00 VMThread [stack: 0x18670000,0x186c0000] [id=3708]
  0x18e28c00 WatcherThread [stack: 0x19060000,0x190b0000] [id=8372]

VM state:not at safepoint (normal execution)

VM Mutex/Monitor currently owned by a thread: None

Heap
 def new generation   total 4928K, used 2044K [0x04560000, 0x04ab0000, 0x09ab0000)
  eden space 4416K,  43% used [0x04560000, 0x04743768, 0x049b0000)
  from space 512K,  21% used [0x04a30000, 0x04a4b938, 0x04ab0000)
  to   space 512K,   0% used [0x049b0000, 0x049b0000, 0x04a30000)
 tenured generation   total 10944K, used 894K [0x09ab0000, 0x0a560000, 0x14560000)
   the space 10944K,   8% used [0x09ab0000, 0x09b8f9f0, 0x09b8fa00, 0x0a560000)
 compacting perm gen  total 12288K, used 6729K [0x14560000, 0x15160000, 0x18560000)
   the space 12288K,  54% used [0x14560000, 0x14bf2418, 0x14bf2600, 0x15160000)
No shared spaces configured.

Code Cache  [0x024e0000, 0x025c0000, 0x044e0000)
 total_blobs=371 nmethods=232 adapters=83 free_code_cache=32666688 largest_free_block=0

Dynamic libraries:
0x00400000 - 0x00425000 	C:\Program Files (x86)\Java\jdk1.6.0_37\bin\javaw.exe
0x76f70000 - 0x770f0000 	C:\Windows\SysWOW64\ntdll.dll
0x750f0000 - 0x75200000 	C:\Windows\syswow64\kernel32.dll
0x76a70000 - 0x76ab7000 	C:\Windows\syswow64\KERNELBASE.dll
0x763e0000 - 0x76480000 	C:\Windows\syswow64\ADVAPI32.dll
0x76ac0000 - 0x76b6c000 	C:\Windows\syswow64\msvcrt.dll
0x76120000 - 0x76139000 	C:\Windows\SysWOW64\sechost.dll
0x765c0000 - 0x766b0000 	C:\Windows\syswow64\RPCRT4.dll
0x749d0000 - 0x74a30000 	C:\Windows\syswow64\SspiCli.dll
0x749c0000 - 0x749cc000 	C:\Windows\syswow64\CRYPTBASE.dll
0x74e70000 - 0x74f70000 	C:\Windows\syswow64\USER32.dll
0x74ad0000 - 0x74b60000 	C:\Windows\syswow64\GDI32.dll
0x750e0000 - 0x750ea000 	C:\Windows\syswow64\LPK.dll
0x76340000 - 0x763dd000 	C:\Windows\syswow64\USP10.dll
0x762e0000 - 0x76340000 	C:\Windows\system32\IMM32.DLL
0x764f0000 - 0x765bc000 	C:\Windows\syswow64\MSCTF.dll
0x7c340000 - 0x7c396000 	C:\Program Files (x86)\Java\jdk1.6.0_37\jre\bin\msvcr71.dll
0x6d8c0000 - 0x6db70000 	C:\Program Files (x86)\Java\jdk1.6.0_37\jre\bin\client\jvm.dll
0x72e80000 - 0x72eb2000 	C:\Windows\system32\WINMM.dll
0x73430000 - 0x7347c000 	C:\Windows\system32\apphelp.dll
0x6d870000 - 0x6d87c000 	C:\Program Files (x86)\Java\jdk1.6.0_37\jre\bin\verify.dll
0x6d3d0000 - 0x6d3ef000 	C:\Program Files (x86)\Java\jdk1.6.0_37\jre\bin\java.dll
0x6d420000 - 0x6d449000 	C:\Program Files (x86)\Java\jdk1.6.0_37\jre\bin\jdwp.dll
0x6d740000 - 0x6d746000 	C:\Program Files (x86)\Java\jdk1.6.0_37\jre\bin\npt.dll
0x6d8b0000 - 0x6d8bf000 	C:\Program Files (x86)\Java\jdk1.6.0_37\jre\bin\zip.dll
0x6d2b0000 - 0x6d2b7000 	C:\Program Files (x86)\Java\jdk1.6.0_37\jre\bin\dt_socket.dll
0x74b70000 - 0x74ba5000 	C:\Windows\syswow64\WS2_32.dll
0x74ac0000 - 0x74ac6000 	C:\Windows\syswow64\NSI.dll
0x731a0000 - 0x731b0000 	C:\Windows\system32\NLAapi.dll
0x73190000 - 0x731a0000 	C:\Windows\system32\napinsp.dll
0x73170000 - 0x73182000 	C:\Windows\system32\pnrpnsp.dll
0x73260000 - 0x7329c000 	C:\Windows\System32\mswsock.dll
0x73120000 - 0x73164000 	C:\Windows\system32\DNSAPI.dll
0x73110000 - 0x73118000 	C:\Windows\System32\winrnr.dll
0x73490000 - 0x734ac000 	C:\Windows\system32\IPHLPAPI.DLL
0x73480000 - 0x73487000 	C:\Windows\system32\WINNSI.DLL
0x730d0000 - 0x73108000 	C:\Windows\System32\fwpuclnt.dll
0x730c0000 - 0x730c6000 	C:\Windows\system32\rasadhlp.dll
0x733b0000 - 0x733b5000 	C:\Windows\System32\wshtcpip.dll
0x6d6b0000 - 0x6d6c3000 	C:\Program Files (x86)\Java\jdk1.6.0_37\jre\bin\net.dll
0x72e20000 - 0x72e26000 	C:\Windows\System32\wship6.dll
0x732e0000 - 0x732f6000 	C:\Windows\system32\CRYPTSP.dll
0x732a0000 - 0x732db000 	C:\Windows\system32\rsaenh.dll
0x72210000 - 0x72227000 	C:\Windows\system32\USERENV.dll
0x72ec0000 - 0x72ecb000 	C:\Windows\system32\profapi.dll
0x769b0000 - 0x769b5000 	C:\Windows\system32\PSAPI.DLL

VM Arguments:
jvm_args: -agentlib:jdwp=transport=dt_socket,suspend=y,address=localhost:59039 -Dfile.encoding=Cp1252 
java_command: com.spx.regression.WebTest
Launcher Type: SUN_STANDARD

Environment Variables:
PATH=C:\Program Files (x86)\Java\jdk1.6.0_37\jre\bin;C:\Windows\system32;C:\Windows;C:\Windows\System32\Wbem;C:\Windows\System32\WindowsPowerShell\v1.0\;C:\Program Files (x86)\Internet Explorer;C:\Program Files (x86)\JLR\IDS\Runtime;C:\Program Files (x86)\Java\jdk1.6.0_43\bin;C:\dev\selenium\drivers
USERNAME=rharold1_c
OS=Windows_NT
PROCESSOR_IDENTIFIER=Intel64 Family 6 Model 42 Stepping 7, GenuineIntel



---------------  S Y S T E M  ---------------

OS: Windows 7 , 64 bit Build 7601 Service Pack 1

CPU:total 4 (4 cores per cpu, 1 threads per core) family 6 model 42 stepping 7, cmov, cx8, fxsr, mmx, sse, sse2, sse3, ssse3, sse4.1, sse4.2, popcnt

Memory: 4k page, physical 4088772k(995176k free), swap 8175684k(3250152k free)

vm_info: Java HotSpot(TM) Client VM (20.12-b01) for windows-x86 JRE (1.6.0_37-b06), built on Sep 24 2012 12:44:35 by "java_re" with MS VC++ 7.1 (VS2003)

time: Wed Jun 12 17:25:20 2013
elapsed time: 1296 seconds

